app/build/intermediates/manifest_merge_blame_file/debug/processDebugMainManifest/manifest-merger-blame-debug-report.txt
1<?xml version="1.0" encoding="utf-8"?>
2<manifest xmlns:android="http://schemas.android.com/apk/res/android"
3    package="com.example.watertrackerandroidapp"
4    android:versionCode="1"
5    android:versionName="1.0" >
6
7    <uses-sdk
8        android:minSdkVersion="24"
9        android:targetSdkVersion="35" />
10
11    <permission
11-->[androidx.core:core:1.15.0] AndroidManifest.xml:22:5-24:47
12        android:name="com.example.watertrackerandroidapp.DYNAMIC_RECEIVER_NOT_EXPORTED_PERMISSION"
12-->[androidx.core:core:1.15.0] AndroidManifest.xml:23:9-81
13        android:protectionLevel="signature" />
13-->[androidx.core:core:1.15.0] AndroidManifest.xml:24:9-44
14
15    <uses-permission android:name="com.example.watertrackerandroidapp.DYNAMIC_RECEIVER_NOT_EXPORTED_PERMISSION" />
15-->[androidx.core:core:1.15.0] AndroidManifest.xml:26:5-97
15-->[androidx.core:core:1.15.0] AndroidManifest.xml:26:22-94
16
17    <application
17-->src\main\AndroidManifest.xml:4:5-41:19
18        android:allowBackup="true"
18-->src\main\AndroidManifest.xml:5:9-35
19        android:appComponentFactory="androidx.core.app.CoreComponentFactory"
19-->[androidx.core:core:1.15.0] AndroidManifest.xml:28:18-86
20        android:debuggable="true"
21        android:extractNativeLibs="false"
22        android:icon="@mipmap/ic_launcher"
22-->src\main\AndroidManifest.xml:6:9-43
23        android:label="@string/app_name"
23-->src\main\AndroidManifest.xml:7:9-41
24        android:roundIcon="@mipmap/ic_launcher_round"
24-->src\main\AndroidManifest.xml:8:9-54
25        android:supportsRtl="true"
25-->src\main\AndroidManifest.xml:9:9-35
26        android:testOnly="true"
27        android:theme="@style/Theme.WaterTrackerAndroidApp" >
27-->src\main\AndroidManifest.xml:10:9-60
28        <activity
28-->src\main\AndroidManifest.xml:12:9-19:20
29            android:name="com.example.watertrackerandroidapp.LoginFunction.LoginActivity"
29-->src\main\AndroidManifest.xml:13:13-56
30            android:exported="true" >
30-->src\main\AndroidManifest.xml:14:13-36
31            <intent-filter>
31-->src\main\AndroidManifest.xml:15:13-18:29
32                <action android:name="android.intent.action.MAIN" />
32-->src\main\AndroidManifest.xml:16:17-69
32-->src\main\AndroidManifest.xml:16:25-66
33
34                <category android:name="android.intent.category.LAUNCHER" />
34-->src\main\AndroidManifest.xml:17:17-77
34-->src\main\AndroidManifest.xml:17:27-74
35            </intent-filter>
36        </activity>
37        <activity
37-->src\main\AndroidManifest.xml:21:9-23:40
38            android:name="com.example.watertrackerandroidapp.HomeFunction.MainActivity"
38-->src\main\AndroidManifest.xml:22:13-54
39            android:exported="false" />
39-->src\main\AndroidManifest.xml:23:13-37
40        <activity
40-->src\main\AndroidManifest.xml:25:9-27:40
41            android:name="com.example.watertrackerandroidapp.LoginFunction.RegisterActivity"
41-->src\main\AndroidManifest.xml:26:13-59
42            android:exported="false" />
42-->src\main\AndroidManifest.xml:27:13-37
43        <activity
43-->src\main\AndroidManifest.xml:29:9-31:40
44            android:name="com.example.watertrackerandroidapp.LoginFunction.PasswordRegistrationActivity"
44-->src\main\AndroidManifest.xml:30:13-71
45            android:exported="false" />
45-->src\main\AndroidManifest.xml:31:13-37
46        <activity
46-->src\main\AndroidManifest.xml:33:9-99
47            android:name="com.example.watertrackerandroidapp.LoginFunction.ForgotPasswordActivity"
47-->src\main\AndroidManifest.xml:33:19-71
48            android:exported="false" />
48-->src\main\AndroidManifest.xml:33:72-96
49        <activity
49-->src\main\AndroidManifest.xml:34:9-94
50            android:name="com.example.watertrackerandroidapp.LoginFunction.VerifyOTPActivity"
50-->src\main\AndroidManifest.xml:34:19-66
51            android:exported="false" />
51-->src\main\AndroidManifest.xml:34:67-91
52        <activity
52-->src\main\AndroidManifest.xml:35:9-98
53            android:name="com.example.watertrackerandroidapp.LoginFunction.ResetPasswordActivity"
53-->src\main\AndroidManifest.xml:35:19-70
54            android:exported="false" />
54-->src\main\AndroidManifest.xml:35:71-95
55        <activity
55-->src\main\AndroidManifest.xml:36:9-97
56            android:name="com.example.watertrackerandroidapp.LoginFunction.ResetSuccessActivity"
56-->src\main\AndroidManifest.xml:36:19-69
57            android:exported="false" />
57-->src\main\AndroidManifest.xml:36:70-94
58
59        <!-- Nếu bạn có các Fragment, không cần khai báo chúng ở đây -->
60        <activity android:name="com.example.watertrackerandroidapp.setting.SettingsActivity" />
60-->src\main\AndroidManifest.xml:39:9-61
60-->src\main\AndroidManifest.xml:39:19-59
61
62        <provider
62-->[androidx.emoji2:emoji2:1.2.0] AndroidManifest.xml:24:9-32:20
63            android:name="androidx.startup.InitializationProvider"
63-->[androidx.emoji2:emoji2:1.2.0] AndroidManifest.xml:25:13-67
64            android:authorities="com.example.watertrackerandroidapp.androidx-startup"
64-->[androidx.emoji2:emoji2:1.2.0] AndroidManifest.xml:26:13-68
65            android:exported="false" >
65-->[androidx.emoji2:emoji2:1.2.0] AndroidManifest.xml:27:13-37
66            <meta-data
66-->[androidx.emoji2:emoji2:1.2.0] AndroidManifest.xml:29:13-31:52
67                android:name="androidx.emoji2.text.EmojiCompatInitializer"
67-->[androidx.emoji2:emoji2:1.2.0] AndroidManifest.xml:30:17-75
68                android:value="androidx.startup" />
68-->[androidx.emoji2:emoji2:1.2.0] AndroidManifest.xml:31:17-49
69            <meta-data
69-->[androidx.lifecycle:lifecycle-process:2.6.2] AndroidManifest.xml:29:13-31:52
70                android:name="androidx.lifecycle.ProcessLifecycleInitializer"
70-->[androidx.lifecycle:lifecycle-process:2.6.2] AndroidManifest.xml:30:17-78
71                android:value="androidx.startup" />
71-->[androidx.lifecycle:lifecycle-process:2.6.2] AndroidManifest.xml:31:17-49
72            <meta-data
72-->[androidx.profileinstaller:profileinstaller:1.3.0] AndroidManifest.xml:29:13-31:52
73                android:name="androidx.profileinstaller.ProfileInstallerInitializer"
73-->[androidx.profileinstaller:profileinstaller:1.3.0] AndroidManifest.xml:30:17-85
74                android:value="androidx.startup" />
74-->[androidx.profileinstaller:profileinstaller:1.3.0] AndroidManifest.xml:31:17-49
75        </provider>
76
77        <uses-library
77-->[androidx.window:window:1.0.0] AndroidManifest.xml:25:9-27:40
78            android:name="androidx.window.extensions"
78-->[androidx.window:window:1.0.0] AndroidManifest.xml:26:13-54
79            android:required="false" />
79-->[androidx.window:window:1.0.0] AndroidManifest.xml:27:13-37
80        <uses-library
80-->[androidx.window:window:1.0.0] AndroidManifest.xml:28:9-30:40
81            android:name="androidx.window.sidecar"
81-->[androidx.window:window:1.0.0] AndroidManifest.xml:29:13-51
82            android:required="false" />
82-->[androidx.window:window:1.0.0] AndroidManifest.xml:30:13-37
83
84        <receiver
84-->[androidx.profileinstaller:profileinstaller:1.3.0] AndroidManifest.xml:34:9-52:20
85            android:name="androidx.profileinstaller.ProfileInstallReceiver"
85-->[androidx.profileinstaller:profileinstaller:1.3.0] AndroidManifest.xml:35:13-76
86            android:directBootAware="false"
86-->[androidx.profileinstaller:profileinstaller:1.3.0] AndroidManifest.xml:36:13-44
87            android:enabled="true"
87-->[androidx.profileinstaller:profileinstaller:1.3.0] AndroidManifest.xml:37:13-35
88            android:exported="true"
88-->[androidx.profileinstaller:profileinstaller:1.3.0] AndroidManifest.xml:38:13-36
89            android:permission="android.permission.DUMP" >
89-->[androidx.profileinstaller:profileinstaller:1.3.0] AndroidManifest.xml:39:13-57
90            <intent-filter>
90-->[androidx.profileinstaller:profileinstaller:1.3.0] AndroidManifest.xml:40:13-42:29
91                <action android:name="androidx.profileinstaller.action.INSTALL_PROFILE" />
91-->[androidx.profileinstaller:profileinstaller:1.3.0] AndroidManifest.xml:41:17-91
91-->[androidx.profileinstaller:profileinstaller:1.3.0] AndroidManifest.xml:41:25-88
92            </intent-filter>
93            <intent-filter>
93-->[androidx.profileinstaller:profileinstaller:1.3.0] AndroidManifest.xml:43:13-45:29
94                <action android:name="androidx.profileinstaller.action.SKIP_FILE" />
94-->[androidx.profileinstaller:profileinstaller:1.3.0] AndroidManifest.xml:44:17-85
94-->[androidx.profileinstaller:profileinstaller:1.3.0] AndroidManifest.xml:44:25-82
95            </intent-filter>
96            <intent-filter>
96-->[androidx.profileinstaller:profileinstaller:1.3.0] AndroidManifest.xml:46:13-48:29
97                <action android:name="androidx.profileinstaller.action.SAVE_PROFILE" />
97-->[androidx.profileinstaller:profileinstaller:1.3.0] AndroidManifest.xml:47:17-88
97-->[androidx.profileinstaller:profileinstaller:1.3.0] AndroidManifest.xml:47:25-85
98            </intent-filter>
99            <intent-filter>
99-->[androidx.profileinstaller:profileinstaller:1.3.0] AndroidManifest.xml:49:13-51:29
100                <action android:name="androidx.profileinstaller.action.BENCHMARK_OPERATION" />
100-->[androidx.profileinstaller:profileinstaller:1.3.0] AndroidManifest.xml:50:17-95
100-->[androidx.profileinstaller:profileinstaller:1.3.0] AndroidManifest.xml:50:25-92
101            </intent-filter>
102        </receiver>
103    </application>
104
105</manifest>